<?xml version="1.0" encoding="UTF-8"?>
<!-- Generated by org.testng.reporters.JUnitReportReporter -->
<testsuite skipped="0" hostname="NIKHIL" name="com.sgtesting.products.Products" tests="3" failures="0" timestamp="2023-01-01T01:49:29 IST" time="0.004" errors="0">
  <testcase name="deleteProduct" time="0.001" classname="com.sgtesting.products.Products"/>
  <system-out/>
  <testcase name="createProduct" time="0.002" classname="com.sgtesting.products.Products"/>
  <system-out/>
  <testcase name="modifyProduct" time="0.001" classname="com.sgtesting.products.Products"/>
  <system-out/>
</testsuite> <!-- com.sgtesting.products.Products -->
