<?xml version="1.0" encoding="UTF-8"?>
<!-- Generated by org.testng.reporters.JUnitReportReporter -->
<testsuite skipped="0" hostname="NIKHIL" name="com.sgtesting.hardassertion.AssertTrueFalseDemo" tests="2" failures="0" timestamp="2023-04-01T17:28:18 IST" time="0.013" errors="0">
  <testcase name="assertFalseDemo" time="0.011" classname="com.sgtesting.hardassertion.AssertTrueFalseDemo"/>
  <system-out/>
  <testcase name="assertTrueDemo" time="0.002" classname="com.sgtesting.hardassertion.AssertTrueFalseDemo"/>
  <system-out/>
</testsuite> <!-- com.sgtesting.hardassertion.AssertTrueFalseDemo -->
