<?xml version="1.0" encoding="UTF-8"?>
<!-- Generated by org.testng.reporters.JUnitReportReporter -->
<testsuite skipped="1" hostname="NIKHIL" name="com.sgtesting.condition.EnabledCondition" tests="3" failures="0" timestamp="2023-04-01T14:29:58 IST" time="0.009" errors="0">
  <testcase name="createUser" time="0.006" classname="com.sgtesting.condition.EnabledCondition"/>
  <system-out/>
  <testcase name="deleteUser" time="0.003" classname="com.sgtesting.condition.EnabledCondition"/>
  <system-out/>
  <testcase name="modifyUser" classname="com.sgtesting.condition.EnabledCondition">
    <skipped/>
  </testcase> <!-- modifyUser -->
  <system-out/>
</testsuite> <!-- com.sgtesting.condition.EnabledCondition -->
