<?xml version="1.0" encoding="UTF-8"?>
<!-- Generated by org.testng.reporters.JUnitReportReporter -->
<testsuite skipped="0" hostname="NIKHIL" name="com.sgtesting.hardassertion.AssertSameDemo" tests="2" failures="0" timestamp="2023-04-01T17:22:10 IST" time="0.013" errors="0">
  <testcase name="assertNotSameDemo" time="0.012" classname="com.sgtesting.hardassertion.AssertSameDemo"/>
  <system-out/>
  <testcase name="assertSameDemo" time="0.001" classname="com.sgtesting.hardassertion.AssertSameDemo"/>
  <system-out/>
</testsuite> <!-- com.sgtesting.hardassertion.AssertSameDemo -->
