<?xml version="1.0" encoding="UTF-8"?>
<!-- Generated by org.testng.reporters.JUnitReportReporter -->
<testsuite skipped="0" hostname="NIKHIL" name="com.sgtesting.testngscenario.LoginLogoutDemo" tests="6" failures="0" timestamp="2023-04-01T17:41:02 IST" time="20.208" errors="0">
  <testcase name="launchBrowser" time="4.030" classname="com.sgtesting.testngscenario.LoginLogoutDemo"/>
  <system-out/>
  <testcase name="navigate" time="5.598" classname="com.sgtesting.testngscenario.LoginLogoutDemo"/>
  <system-out/>
  <testcase name="login" time="5.306" classname="com.sgtesting.testngscenario.LoginLogoutDemo"/>
  <system-out/>
  <testcase name="minimizeFlyOutwindow" time="2.126" classname="com.sgtesting.testngscenario.LoginLogoutDemo"/>
  <system-out/>
  <testcase name="logout" time="2.256" classname="com.sgtesting.testngscenario.LoginLogoutDemo"/>
  <system-out/>
  <testcase name="closeApp" time="0.892" classname="com.sgtesting.testngscenario.LoginLogoutDemo"/>
  <system-out/>
</testsuite> <!-- com.sgtesting.testngscenario.LoginLogoutDemo -->
