<?xml version="1.0" encoding="UTF-8"?>
<!-- Generated by org.testng.reporters.JUnitReportReporter -->
<testsuite skipped="0" hostname="NIKHIL" name="com.sgtesting.users.Users" tests="3" failures="0" timestamp="2023-04-02T01:34:11 IST" time="0.009" errors="0">
  <testcase name="createUser" time="0.006" classname="com.sgtesting.users.Users"/>
  <system-out/>
  <testcase name="deleteUser" time="0.002" classname="com.sgtesting.users.Users"/>
  <system-out/>
  <testcase name="modifyUser" time="0.001" classname="com.sgtesting.users.Users"/>
  <system-out/>
</testsuite> <!-- com.sgtesting.users.Users -->
