<?xml version="1.0" encoding="UTF-8"?>
<!-- Generated by org.testng.reporters.JUnitReportReporter -->
<testsuite skipped="0" hostname="NIKHIL" name="com.sgtesting.annotationsummary.AnnotationsSummary" tests="2" failures="0" timestamp="2023-04-01T14:27:58 IST" time="0.012" errors="0">
  <testcase name="method1" time="0.009" classname="com.sgtesting.annotationsummary.AnnotationsSummary"/>
  <system-out/>
  <testcase name="method2" time="0.003" classname="com.sgtesting.annotationsummary.AnnotationsSummary"/>
  <system-out/>
</testsuite> <!-- com.sgtesting.annotationsummary.AnnotationsSummary -->
