<?xml version="1.0" encoding="UTF-8"?>
<!-- Generated by org.testng.reporters.JUnitReportReporter -->
<testsuite skipped="0" hostname="NIKHIL" name="com.sgtesting.testcases.Users" tests="3" failures="0" timestamp="2023-01-01T00:41:24 IST" time="0.008" errors="0">
  <testcase name="modifyUser" time="0.001" classname="com.sgtesting.testcases.Users"/>
  <system-out/>
  <testcase name="createUser" time="0.005" classname="com.sgtesting.testcases.Users"/>
  <system-out/>
  <testcase name="deleteUser" time="0.002" classname="com.sgtesting.testcases.Users"/>
  <system-out/>
</testsuite> <!-- com.sgtesting.testcases.Users -->
