<?xml version="1.0" encoding="UTF-8"?>
<!-- Generated by org.testng.reporters.JUnitReportReporter -->
<testsuite skipped="0" hostname="NIKHIL" name="com.sgtesting.testngscenario.LoginLogoutDemo" tests="6" failures="0" timestamp="2023-04-10T15:41:11 IST" time="38.359" errors="0">
  <testcase name="launchBrowser" time="21.130" classname="com.sgtesting.testngscenario.LoginLogoutDemo"/>
  <system-out/>
  <testcase name="navigate" time="6.076" classname="com.sgtesting.testngscenario.LoginLogoutDemo"/>
  <system-out/>
  <testcase name="login" time="5.409" classname="com.sgtesting.testngscenario.LoginLogoutDemo"/>
  <system-out/>
  <testcase name="minimizeFlyOutwindow" time="2.145" classname="com.sgtesting.testngscenario.LoginLogoutDemo"/>
  <system-out/>
  <testcase name="logout" time="2.567" classname="com.sgtesting.testngscenario.LoginLogoutDemo"/>
  <system-out/>
  <testcase name="closeApp" time="1.032" classname="com.sgtesting.testngscenario.LoginLogoutDemo"/>
  <system-out/>
</testsuite> <!-- com.sgtesting.testngscenario.LoginLogoutDemo -->
