<?xml version="1.0" encoding="UTF-8"?>
<!-- Generated by org.testng.reporters.JUnitReportReporter -->
<testsuite skipped="0" hostname="NIKHIL" name="com.sgtesting.api.APITesting.Sample" tests="2" failures="0" timestamp="2023-05-04T13:39:51 IST" time="0.007" errors="0">
  <testcase name="Method2" time="0.000" classname="com.sgtesting.api.APITesting.Sample"/>
  <system-out/>
  <testcase name="Method1" time="0.007" classname="com.sgtesting.api.APITesting.Sample"/>
  <system-out/>
</testsuite> <!-- com.sgtesting.api.APITesting.Sample -->
