<?xml version="1.0" encoding="UTF-8"?>
<!-- Generated by org.testng.reporters.JUnitReportReporter -->
<testsuite skipped="0" hostname="NIKHIL" name="com.sgtesting.retryanalyzer.RetryAnalyzerTrail" tests="1" failures="0" timestamp="2023-04-06T22:01:47 IST" time="3.266" errors="0">
  <testcase name="Login" time="3.266" classname="com.sgtesting.retryanalyzer.RetryAnalyzerTrail"/>
  <system-out/>
</testsuite> <!-- com.sgtesting.retryanalyzer.RetryAnalyzerTrail -->
